<?xml version="1.0" encoding="UTF-8"?>
<!-- Generated by org.testng.reporters.JUnitXMLReporter -->
<testsuite ignored="0" hostname="DESKTOP-2J12LBH" failures="0" tests="3" name="Testonchrome" time="55.973" errors="0" timestamp="2023-09-20T17:18:15 IST">
  <testcase classname="maven.brokenlink.NewTest" name="f1" time="23.938"/>
  <testcase classname="maven.brokenlink.NewTest" name="f2" time="15.724"/>
  <testcase classname="maven.brokenlink.NewTest" name="f3" time="16.229"/>
</testsuite> <!-- Testonchrome -->
